<?xml version="1.0" encoding="UTF-8"?>
<!-- Generated by org.testng.reporters.JUnitXMLReporter -->
<testsuite ignored="1" hostname="HYDLAP153" failures="0" tests="3" name="GroupingTests" time="0.085" errors="0" timestamp="2025-07-21T16:10:34 IST">
  <testcase classname="testNgTests.GroupingTests.LogInTests" name="logInFaceBook" time="0.007"/>
  <testcase classname="testNgTests.GroupingTests.LogInTests" name="logInTwitter" time="0.0"/>
  <testcase classname="testNgTests.GroupingTests.PaymentTests" name="gpayPayment" time="0.001"/>
  <testcase classname="testNgTests.GroupingTests.PaymentTests" name="phonePePayment" time="0.0">
    <ignored/>
  </testcase> <!-- phonePePayment -->
</testsuite> <!-- GroupingTests -->
